[debug] [2024-11-16T13:14:54.191Z] ----------------------------------------------------------------------
[debug] [2024-11-16T13:14:54.194Z] Command:       C:\Program Files\nodejs\node.exe C:\Users\LENOVO\AppData\Roaming\npm\node_modules\firebase-tools\lib\bin\firebase.js init
[debug] [2024-11-16T13:14:54.194Z] CLI Version:   13.25.0
[debug] [2024-11-16T13:14:54.194Z] Platform:      win32
[debug] [2024-11-16T13:14:54.195Z] Node Version:  v20.17.0
[debug] [2024-11-16T13:14:54.195Z] Time:          Sat Nov 16 2024 20:14:54 GMT+0700 (Western Indonesia Time)
[debug] [2024-11-16T13:14:54.195Z] ----------------------------------------------------------------------
[debug] 
[debug] [2024-11-16T13:14:54.254Z] > command requires scopes: ["email","openid","https://www.googleapis.com/auth/cloudplatformprojects.readonly","https://www.googleapis.com/auth/firebase","https://www.googleapis.com/auth/cloud-platform"]
[debug] [2024-11-16T13:14:54.254Z] > authorizing via signed-in user (annisacharisma77@gmail.com)
[info] 
     ######## #### ########  ######## ########     ###     ######  ########
     ##        ##  ##     ## ##       ##     ##  ##   ##  ##       ##
     ######    ##  ########  ######   ########  #########  ######  ######
     ##        ##  ##    ##  ##       ##     ## ##     ##       ## ##
     ##       #### ##     ## ######## ########  ##     ##  ######  ########

You're about to initialize a Firebase project in this directory:

  D:\Prak PPB\TA PPB\ta-ppb-icha-pwa

Before we get started, keep in mind:

  * You are initializing within an existing Firebase project directory

[info] 
=== Project Setup
[info] 
[info] First, let's associate this project directory with a Firebase project.
[info] You can create multiple project aliases by running firebase use --add, 
[info] but for now we'll just set up a default project.
[info] 
[debug] [2024-11-16T13:15:00.596Z] Using project from CLI flag: ta-ppb-icha
[debug] [2024-11-16T13:15:00.597Z] Checked if tokens are valid: true, expires at: 1731766274897
[debug] [2024-11-16T13:15:00.597Z] Checked if tokens are valid: true, expires at: 1731766274897
[debug] [2024-11-16T13:15:00.598Z] >>> [apiv2][query] GET https://firebase.googleapis.com/v1beta1/projects/ta-ppb-icha [none]
[debug] [2024-11-16T13:15:01.181Z] <<< [apiv2][status] GET https://firebase.googleapis.com/v1beta1/projects/ta-ppb-icha 200
[debug] [2024-11-16T13:15:01.181Z] <<< [apiv2][body] GET https://firebase.googleapis.com/v1beta1/projects/ta-ppb-icha {"projectId":"ta-ppb-icha","projectNumber":"779075893594","displayName":"TA-PPB-ICHA","name":"projects/ta-ppb-icha","resources":{"hostingSite":"ta-ppb-icha"},"state":"ACTIVE","etag":"1_e7e52d2a-09ff-4b50-8e86-58113c49ed60"}
[info] i  Using project ta-ppb-icha (TA-PPB-ICHA) 
[info] 
=== Hosting Setup
[debug] [2024-11-16T13:15:01.188Z] Checked if tokens are valid: true, expires at: 1731766274897
[debug] [2024-11-16T13:15:01.188Z] Checked if tokens are valid: true, expires at: 1731766274897
[debug] [2024-11-16T13:15:01.188Z] >>> [apiv2][query] GET https://firebase.googleapis.com/v1beta1/projects/ta-ppb-icha [none]
[debug] [2024-11-16T13:15:01.599Z] <<< [apiv2][status] GET https://firebase.googleapis.com/v1beta1/projects/ta-ppb-icha 200
[debug] [2024-11-16T13:15:01.599Z] <<< [apiv2][body] GET https://firebase.googleapis.com/v1beta1/projects/ta-ppb-icha {"projectId":"ta-ppb-icha","projectNumber":"779075893594","displayName":"TA-PPB-ICHA","name":"projects/ta-ppb-icha","resources":{"hostingSite":"ta-ppb-icha"},"state":"ACTIVE","etag":"1_e7e52d2a-09ff-4b50-8e86-58113c49ed60"}
[info] 
[info] Your public directory is the folder (relative to your project directory) that
[info] will contain Hosting assets to be uploaded with firebase deploy. If you
[info] have a build process for your assets, use your build's output directory.
[info] 
[debug] [2024-11-16T13:15:07.572Z] >>> [apiv2][query] GET https://www.gstatic.com/firebasejs/releases.json [none]
[debug] [2024-11-16T13:15:07.673Z] <<< [apiv2][status] GET https://www.gstatic.com/firebasejs/releases.json 200
[debug] [2024-11-16T13:15:07.673Z] <<< [apiv2][body] GET https://www.gstatic.com/firebasejs/releases.json {"current":{"version":"11.0.2","browserURL":"https://www.gstatic.com/firebasejs/11.0.2/firebase.js","packageURL":"https://www.gstatic.com/firebasejs/11.0.2/firebase.tgz"},"live":{"version":"11.0","browserURL":"https://www.gstatic.com/firebasejs/live/11.0/firebase.js","packageURL":"https://www.gstatic.com/firebasejs/live/11.0/firebase.tgz"},"components":{"analytics":"https://www.gstatic.com/firebasejs/11.0.2/firebase-analytics.js","app":"https://www.gstatic.com/firebasejs/11.0.2/firebase-app.js","app-check":"https://www.gstatic.com/firebasejs/11.0.2/firebase-app-check.js","auth":"https://www.gstatic.com/firebasejs/11.0.2/firebase-auth.js","auth/cordova":"https://www.gstatic.com/firebasejs/11.0.2/firebase-auth/cordova.js","auth/web-extension":"https://www.gstatic.com/firebasejs/11.0.2/firebase-auth/web-extension.js","functions":"https://www.gstatic.com/firebasejs/11.0.2/firebase-functions.js","firestore":"https://www.gstatic.com/firebasejs/11.0.2/firebase-firestore.js","firestore/lite":"https://www.gstatic.com/firebasejs/11.0.2/firebase-firestore/lite.js","installations":"https://www.gstatic.com/firebasejs/11.0.2/firebase-installations.js","storage":"https://www.gstatic.com/firebasejs/11.0.2/firebase-storage.js","performance":"https://www.gstatic.com/firebasejs/11.0.2/firebase-performance.js","remote-config":"https://www.gstatic.com/firebasejs/11.0.2/firebase-remote-config.js","messaging":"https://www.gstatic.com/firebasejs/11.0.2/firebase-messaging.js","messaging/sw":"https://www.gstatic.com/firebasejs/11.0.2/firebase-messaging/sw.js","database":"https://www.gstatic.com/firebasejs/11.0.2/firebase-database.js","vertexai":"https://www.gstatic.com/firebasejs/11.0.2/firebase-vertexai.js","data-connect":"https://www.gstatic.com/firebasejs/11.0.2/firebase-data-connect.js","firestore.memory":"https://www.gstatic.com/firebasejs/11.0.2/firebase-firestore.memory.js"}}
[info] i  Skipping write of build/index.html 
[info] 
[info] i  Detected a .git folder at D:\Prak PPB\TA PPB\ta-ppb-icha-pwa 
[info] i  Authorizing with GitHub to upload your service account to a GitHub repository's secrets store. 
[info] 
[info] Visit this URL on this device to log in:
[info] https://github.com/login/oauth/authorize?client_id=89cf50f02ac6aaed3484&state=841260738&redirect_uri=http%3A%2F%2Flocalhost%3A9005&scope=read%3Auser%20repo%20public_repo
[info] 
[info] Waiting for authentication...
[debug] [2024-11-16T13:16:02.480Z] >>> [apiv2][query] POST https://github.com/login/oauth/access_token [none]
[debug] [2024-11-16T13:16:02.480Z] >>> [apiv2][body] POST https://github.com/login/oauth/access_token [stream]
[debug] [2024-11-16T13:16:03.382Z] <<< [apiv2][status] POST https://github.com/login/oauth/access_token 200
[debug] [2024-11-16T13:16:03.382Z] <<< [apiv2][body] POST https://github.com/login/oauth/access_token {"access_token":"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","token_type":"bearer","scope":"read:user,repo"}
[debug] [2024-11-16T13:16:03.386Z] >>> [apiv2][query] GET https://api.github.com/user [none]
[debug] [2024-11-16T13:16:04.011Z] <<< [apiv2][status] GET https://api.github.com/user 200
[debug] [2024-11-16T13:16:04.011Z] <<< [apiv2][body] GET https://api.github.com/user {"login":"annisacharisma","id":129478564,"node_id":"U_kgDOB7evpA","avatar_url":"https://avatars.githubusercontent.com/u/129478564?v=4","gravatar_id":"","url":"https://api.github.com/users/annisacharisma","html_url":"https://github.com/annisacharisma","followers_url":"https://api.github.com/users/annisacharisma/followers","following_url":"https://api.github.com/users/annisacharisma/following{/other_user}","gists_url":"https://api.github.com/users/annisacharisma/gists{/gist_id}","starred_url":"https://api.github.com/users/annisacharisma/starred{/owner}{/repo}","subscriptions_url":"https://api.github.com/users/annisacharisma/subscriptions","organizations_url":"https://api.github.com/users/annisacharisma/orgs","repos_url":"https://api.github.com/users/annisacharisma/repos","events_url":"https://api.github.com/users/annisacharisma/events{/privacy}","received_events_url":"https://api.github.com/users/annisacharisma/received_events","type":"User","user_view_type":"private","site_admin":false,"name":null,"company":null,"blog":"","location":null,"email":null,"hireable":null,"bio":null,"twitter_username":null,"notification_email":null,"public_repos":10,"public_gists":0,"followers":1,"following":0,"created_at":"2023-03-31T04:00:03Z","updated_at":"2024-10-17T08:22:29Z","private_gists":0,"total_private_repos":2,"owned_private_repos":2,"disk_usage":676225,"collaborators":2,"two_factor_authentication":false,"plan":{"name":"free","space":976562499,"collaborators":0,"private_repos":10000}}
[info] 
[info] +  Success! Logged into GitHub as annisacharisma 
[info] 
